# JRE version: OpenJDK Runtime Environment Temurin-17.0.9+9 (17.0.9+9) (build 17.0.9+9)
# Java VM: OpenJDK 64-Bit Server VM Temurin-17.0.9+9 (17.0.9+9, mixed mode, tiered, compressed oops, compressed class ptrs, parallel gc, windows-amd64)
GC Precious Log:
 CPUs: 4 total, 4 available
 Memory: 3822M
 Large Page Support: Disabled
 NUMA Support: Disabled
 Compressed Oops: Enabled (32-bit)
 Alignments: Space 512K, Generation 512K, Heap 2M
 Heap Min Capacity: 100M
 Heap Initial Capacity: 100M
 Heap Max Capacity: 1G
 Pre-touch: Disabled
 Parallel Workers: 4
Heap:
 PSYoungGen      total 9728K, used 6434K [0x00000000eab00000, 0x00000000eba00000, 0x0000000100000000)
  eden space 4608K, 35% used [0x00000000eab00000,0x00000000eac99da8,0x00000000eaf80000)
  from space 5120K, 93% used [0x00000000eaf80000,0x00000000eb42ec18,0x00000000eb480000)
  to   space 5120K, 0% used [0x00000000eb500000,0x00000000eb500000,0x00000000eba00000)
 ParOldGen       total 346624K, used 311847K [0x00000000c0000000, 0x00000000d5280000, 0x00000000eab00000)
  object space 346624K, 89% used [0x00000000c0000000,0x00000000d3089f70,0x00000000d5280000)
 Metaspace       used 63349K, committed 64384K, reserved 1114112K
  class space    used 7278K, committed 7744K, reserved 1048576K
GC Heap History (20 events):
Event: 89.763 GC heap before
{Heap before GC invocations=228 (full 11):
 PSYoungGen      total 8192K, used 8178K [0x00000000eab00000, 0x00000000eba80000, 0x0000000100000000)
  eden space 3072K, 100% used [0x00000000eab00000,0x00000000eae00000,0x00000000eae00000)
  from space 5120K, 99% used [0x00000000eae00000,0x00000000eb2fcae8,0x00000000eb300000)
  to   space 6144K, 0% used [0x00000000eb480000,0x00000000eb480000,0x00000000eba80000)
 ParOldGen       total 346624K, used 306694K [0x00000000c0000000, 0x00000000d5280000, 0x00000000eab00000)
  object space 346624K, 88% used [0x00000000c0000000,0x00000000d2b81890,0x00000000d5280000)
 Metaspace       used 62871K, committed 63872K, reserved 1114112K
  class space    used 7225K, committed 7680K, reserved 1048576K
}
Event: 89.767 GC heap after
{Heap after GC invocations=228 (full 11):
 PSYoungGen      total 9216K, used 6049K [0x00000000eab00000, 0x00000000ebb80000, 0x0000000100000000)
  eden space 3072K, 0% used [0x00000000eab00000,0x00000000eab00000,0x00000000eae00000)
  from space 6144K, 98% used [0x00000000eb480000,0x00000000eba684c8,0x00000000eba80000)
  to   space 6656K, 0% used [0x00000000eae00000,0x00000000eae00000,0x00000000eb480000)
 ParOldGen       total 346624K, used 306694K [0x00000000c0000000, 0x00000000d5280000, 0x00000000eab00000)
  object space 346624K, 88% used [0x00000000c0000000,0x00000000d2b81890,0x00000000d5280000)
 Metaspace       used 62871K, committed 63872K, reserved 1114112K
  class space    used 7225K, committed 7680K, reserved 1048576K
}
Event: 89.809 GC heap before
{Heap before GC invocations=229 (full 11):
 PSYoungGen      total 9216K, used 9121K [0x00000000eab00000, 0x00000000ebb80000, 0x0000000100000000)
  eden space 3072K, 100% used [0x00000000eab00000,0x00000000eae00000,0x00000000eae00000)
  from space 6144K, 98% used [0x00000000eb480000,0x00000000eba684c8,0x00000000eba80000)
  to   space 6656K, 0% used [0x00000000eae00000,0x00000000eae00000,0x00000000eb480000)
 ParOldGen       total 346624K, used 306694K [0x00000000c0000000, 0x00000000d5280000, 0x00000000eab00000)
  object space 346624K, 88% used [0x00000000c0000000,0x00000000d2b81890,0x00000000d5280000)
 Metaspace       used 62871K, committed 63872K, reserved 1114112K
  class space    used 7225K, committed 7680K, reserved 1048576K
}
Event: 89.813 GC heap after
{Heap after GC invocations=229 (full 11):
 PSYoungGen      total 9728K, used 6628K [0x00000000eab00000, 0x00000000ebc80000, 0x0000000100000000)
  eden space 3072K, 0% used [0x00000000eab00000,0x00000000eab00000,0x00000000eae00000)
  from space 6656K, 99% used [0x00000000eae00000,0x00000000eb479060,0x00000000eb480000)
  to   space 7168K, 0% used [0x00000000eb580000,0x00000000eb580000,0x00000000ebc80000)
 ParOldGen       total 346624K, used 307030K [0x00000000c0000000, 0x00000000d5280000, 0x00000000eab00000)
  object space 346624K, 88% used [0x00000000c0000000,0x00000000d2bd5b28,0x00000000d5280000)
 Metaspace       used 62871K, committed 63872K, reserved 1114112K
  class space    used 7225K, committed 7680K, reserved 1048576K
}
Event: 90.007 GC heap before
{Heap before GC invocations=230 (full 11):
 PSYoungGen      total 9728K, used 9700K [0x00000000eab00000, 0x00000000ebc80000, 0x0000000100000000)
  eden space 3072K, 100% used [0x00000000eab00000,0x00000000eae00000,0x00000000eae00000)
  from space 6656K, 99% used [0x00000000eae00000,0x00000000eb479060,0x00000000eb480000)
  to   space 7168K, 0% used [0x00000000eb580000,0x00000000eb580000,0x00000000ebc80000)
 ParOldGen       total 346624K, used 307030K [0x00000000c0000000, 0x00000000d5280000, 0x00000000eab00000)
  object space 346624K, 88% used [0x00000000c0000000,0x00000000d2bd5b28,0x00000000d5280000)
 Metaspace       used 62871K, committed 63872K, reserved 1114112K
  class space    used 7225K, committed 7680K, reserved 1048576K
}
Event: 90.012 GC heap after
{Heap after GC invocations=230 (full 11):
 PSYoungGen      total 9216K, used 5374K [0x00000000eab00000, 0x00000000ebb00000, 0x0000000100000000)
  eden space 3584K, 0% used [0x00000000eab00000,0x00000000eab00000,0x00000000eae80000)
  from space 5632K, 95% used [0x00000000eb580000,0x00000000ebabfa20,0x00000000ebb00000)
  to   space 6144K, 0% used [0x00000000eaf00000,0x00000000eaf00000,0x00000000eb500000)
 ParOldGen       total 346624K, used 309355K [0x00000000c0000000, 0x00000000d5280000, 0x00000000eab00000)
  object space 346624K, 89% used [0x00000000c0000000,0x00000000d2e1acf0,0x00000000d5280000)
 Metaspace       used 62871K, committed 63872K, reserved 1114112K
  class space    used 7225K, committed 7680K, reserved 1048576K
}
Event: 90.831 GC heap before
{Heap before GC invocations=231 (full 11):
 PSYoungGen      total 9216K, used 8958K [0x00000000eab00000, 0x00000000ebb00000, 0x0000000100000000)
  eden space 3584K, 100% used [0x00000000eab00000,0x00000000eae80000,0x00000000eae80000)
  from space 5632K, 95% used [0x00000000eb580000,0x00000000ebabfa20,0x00000000ebb00000)
  to   space 6144K, 0% used [0x00000000eaf00000,0x00000000eaf00000,0x00000000eb500000)
 ParOldGen       total 346624K, used 309355K [0x00000000c0000000, 0x00000000d5280000, 0x00000000eab00000)
  object space 346624K, 89% used [0x00000000c0000000,0x00000000d2e1acf0,0x00000000d5280000)
 Metaspace       used 62871K, committed 63872K, reserved 1114112K
  class space    used 7225K, committed 7680K, reserved 1048576K
}
Event: 90.834 GC heap after
{Heap after GC invocations=231 (full 11):
 PSYoungGen      total 10240K, used 6109K [0x00000000eab00000, 0x00000000ebc00000, 0x0000000100000000)
  eden space 4096K, 0% used [0x00000000eab00000,0x00000000eab00000,0x00000000eaf00000)
  from space 6144K, 99% used [0x00000000eaf00000,0x00000000eb4f74a0,0x00000000eb500000)
  to   space 6656K, 0% used [0x00000000eb580000,0x00000000eb580000,0x00000000ebc00000)
 ParOldGen       total 346624K, used 309399K [0x00000000c0000000, 0x00000000d5280000, 0x00000000eab00000)
  object space 346624K, 89% used [0x00000000c0000000,0x00000000d2e25dc0,0x00000000d5280000)
 Metaspace       used 62871K, committed 63872K, reserved 1114112K
  class space    used 7225K, committed 7680K, reserved 1048576K
}
Event: 90.899 GC heap before
{Heap before GC invocations=232 (full 11):
 PSYoungGen      total 10240K, used 10205K [0x00000000eab00000, 0x00000000ebc00000, 0x0000000100000000)
  eden space 4096K, 100% used [0x00000000eab00000,0x00000000eaf00000,0x00000000eaf00000)
  from space 6144K, 99% used [0x00000000eaf00000,0x00000000eb4f74a0,0x00000000eb500000)
  to   space 6656K, 0% used [0x00000000eb580000,0x00000000eb580000,0x00000000ebc00000)
 ParOldGen       total 346624K, used 309399K [0x00000000c0000000, 0x00000000d5280000, 0x00000000eab00000)
  object space 346624K, 89% used [0x00000000c0000000,0x00000000d2e25dc0,0x00000000d5280000)
 Metaspace       used 62871K, committed 63872K, reserved 1114112K
  class space    used 7225K, committed 7680K, reserved 1048576K
}
Event: 90.903 GC heap after
{Heap after GC invocations=232 (full 11):
 PSYoungGen      total 10240K, used 6642K [0x00000000eab00000, 0x00000000ebd80000, 0x0000000100000000)
  eden space 3584K, 0% used [0x00000000eab00000,0x00000000eab00000,0x00000000eae80000)
  from space 6656K, 99% used [0x00000000eb580000,0x00000000ebbfca98,0x00000000ebc00000)
  to   space 7168K, 0% used [0x00000000eae80000,0x00000000eae80000,0x00000000eb580000)
 ParOldGen       total 346624K, used 309679K [0x00000000c0000000, 0x00000000d5280000, 0x00000000eab00000)
  object space 346624K, 89% used [0x00000000c0000000,0x00000000d2e6bf80,0x00000000d5280000)
 Metaspace       used 62871K, committed 63872K, reserved 1114112K
  class space    used 7225K, committed 7680K, reserved 1048576K
}
Event: 105.069 GC heap before
{Heap before GC invocations=233 (full 11):
 PSYoungGen      total 10240K, used 10226K [0x00000000eab00000, 0x00000000ebd80000, 0x0000000100000000)
  eden space 3584K, 99% used [0x00000000eab00000,0x00000000eae7ffd0,0x00000000eae80000)
  from space 6656K, 99% used [0x00000000eb580000,0x00000000ebbfca98,0x00000000ebc00000)
  to   space 7168K, 0% used [0x00000000eae80000,0x00000000eae80000,0x00000000eb580000)
 ParOldGen       total 346624K, used 309679K [0x00000000c0000000, 0x00000000d5280000, 0x00000000eab00000)
  object space 346624K, 89% used [0x00000000c0000000,0x00000000d2e6bf80,0x00000000d5280000)
 Metaspace       used 63008K, committed 64064K, reserved 1114112K
  class space    used 7232K, committed 7680K, reserved 1048576K
}
Event: 105.391 GC heap after
{Heap after GC invocations=233 (full 11):
 PSYoungGen      total 8704K, used 4651K [0x00000000eab00000, 0x00000000eba00000, 0x0000000100000000)
  eden space 3584K, 0% used [0x00000000eab00000,0x00000000eab00000,0x00000000eae80000)
  from space 5120K, 90% used [0x00000000eae80000,0x00000000eb30add0,0x00000000eb380000)
  to   space 5632K, 0% used [0x00000000eb480000,0x00000000eb480000,0x00000000eba00000)
 ParOldGen       total 346624K, used 311823K [0x00000000c0000000, 0x00000000d5280000, 0x00000000eab00000)
  object space 346624K, 89% used [0x00000000c0000000,0x00000000d3083f70,0x00000000d5280000)
 Metaspace       used 63008K, committed 64064K, reserved 1114112K
  class space    used 7232K, committed 7680K, reserved 1048576K
}
Event: 106.833 GC heap before
{Heap before GC invocations=234 (full 11):
 PSYoungGen      total 8704K, used 8235K [0x00000000eab00000, 0x00000000eba00000, 0x0000000100000000)
  eden space 3584K, 100% used [0x00000000eab00000,0x00000000eae80000,0x00000000eae80000)
  from space 5120K, 90% used [0x00000000eae80000,0x00000000eb30add0,0x00000000eb380000)
  to   space 5632K, 0% used [0x00000000eb480000,0x00000000eb480000,0x00000000eba00000)
 ParOldGen       total 346624K, used 311823K [0x00000000c0000000, 0x00000000d5280000, 0x00000000eab00000)
  object space 346624K, 89% used [0x00000000c0000000,0x00000000d3083f70,0x00000000d5280000)
 Metaspace       used 63068K, committed 64064K, reserved 1114112K
  class space    used 7232K, committed 7680K, reserved 1048576K
}
Event: 106.840 GC heap after
{Heap after GC invocations=234 (full 11):
 PSYoungGen      total 9216K, used 4675K [0x00000000eab00000, 0x00000000eb980000, 0x0000000100000000)
  eden space 4096K, 0% used [0x00000000eab00000,0x00000000eab00000,0x00000000eaf00000)
  from space 5120K, 91% used [0x00000000eb480000,0x00000000eb910cd8,0x00000000eb980000)
  to   space 5120K, 0% used [0x00000000eaf80000,0x00000000eaf80000,0x00000000eb480000)
 ParOldGen       total 346624K, used 311831K [0x00000000c0000000, 0x00000000d5280000, 0x00000000eab00000)
  object space 346624K, 89% used [0x00000000c0000000,0x00000000d3085f70,0x00000000d5280000)
 Metaspace       used 63068K, committed 64064K, reserved 1114112K
  class space    used 7232K, committed 7680K, reserved 1048576K
}
Event: 107.768 GC heap before
{Heap before GC invocations=235 (full 11):
 PSYoungGen      total 9216K, used 8771K [0x00000000eab00000, 0x00000000eb980000, 0x0000000100000000)
  eden space 4096K, 100% used [0x00000000eab00000,0x00000000eaf00000,0x00000000eaf00000)
  from space 5120K, 91% used [0x00000000eb480000,0x00000000eb910cd8,0x00000000eb980000)
  to   space 5120K, 0% used [0x00000000eaf80000,0x00000000eaf80000,0x00000000eb480000)
 ParOldGen       total 346624K, used 311831K [0x00000000c0000000, 0x00000000d5280000, 0x00000000eab00000)
  object space 346624K, 89% used [0x00000000c0000000,0x00000000d3085f70,0x00000000d5280000)
 Metaspace       used 63177K, committed 64256K, reserved 1114112K
  class space    used 7250K, committed 7680K, reserved 1048576K
}
Event: 107.776 GC heap after
{Heap after GC invocations=235 (full 11):
 PSYoungGen      total 9728K, used 4740K [0x00000000eab00000, 0x00000000eb980000, 0x0000000100000000)
  eden space 4608K, 0% used [0x00000000eab00000,0x00000000eab00000,0x00000000eaf80000)
  from space 5120K, 92% used [0x00000000eaf80000,0x00000000eb4210a0,0x00000000eb480000)
  to   space 5120K, 0% used [0x00000000eb480000,0x00000000eb480000,0x00000000eb980000)
 ParOldGen       total 346624K, used 311839K [0x00000000c0000000, 0x00000000d5280000, 0x00000000eab00000)
  object space 346624K, 89% used [0x00000000c0000000,0x00000000d3087f70,0x00000000d5280000)
 Metaspace       used 63177K, committed 64256K, reserved 1114112K
  class space    used 7250K, committed 7680K, reserved 1048576K
}
Event: 112.084 GC heap before
{Heap before GC invocations=236 (full 11):
 PSYoungGen      total 9728K, used 9348K [0x00000000eab00000, 0x00000000eb980000, 0x0000000100000000)
  eden space 4608K, 100% used [0x00000000eab00000,0x00000000eaf80000,0x00000000eaf80000)
  from space 5120K, 92% used [0x00000000eaf80000,0x00000000eb4210a0,0x00000000eb480000)
  to   space 5120K, 0% used [0x00000000eb480000,0x00000000eb480000,0x00000000eb980000)
 ParOldGen       total 346624K, used 311839K [0x00000000c0000000, 0x00000000d5280000, 0x00000000eab00000)
  object space 346624K, 89% used [0x00000000c0000000,0x00000000d3087f70,0x00000000d5280000)
 Metaspace       used 63336K, committed 64384K, reserved 1114112K
  class space    used 7278K, committed 7744K, reserved 1048576K
}
Event: 112.092 GC heap after
{Heap after GC invocations=236 (full 11):
 PSYoungGen      total 9728K, used 4737K [0x00000000eab00000, 0x00000000eba00000, 0x0000000100000000)
  eden space 4608K, 0% used [0x00000000eab00000,0x00000000eab00000,0x00000000eaf80000)
  from space 5120K, 92% used [0x00000000eb480000,0x00000000eb920468,0x00000000eb980000)
  to   space 5120K, 0% used [0x00000000eaf80000,0x00000000eaf80000,0x00000000eb480000)
 ParOldGen       total 346624K, used 311847K [0x00000000c0000000, 0x00000000d5280000, 0x00000000eab00000)
  object space 346624K, 89% used [0x00000000c0000000,0x00000000d3089f70,0x00000000d5280000)
 Metaspace       used 63336K, committed 64384K, reserved 1114112K
  class space    used 7278K, committed 7744K, reserved 1048576K
}
Event: 118.913 GC heap before
{Heap before GC invocations=237 (full 11):
 PSYoungGen      total 9728K, used 9345K [0x00000000eab00000, 0x00000000eba00000, 0x0000000100000000)
  eden space 4608K, 100% used [0x00000000eab00000,0x00000000eaf80000,0x00000000eaf80000)
  from space 5120K, 92% used [0x00000000eb480000,0x00000000eb920468,0x00000000eb980000)
  to   space 5120K, 0% used [0x00000000eaf80000,0x00000000eaf80000,0x00000000eb480000)
 ParOldGen       total 346624K, used 311847K [0x00000000c0000000, 0x00000000d5280000, 0x00000000eab00000)
  object space 346624K, 89% used [0x00000000c0000000,0x00000000d3089f70,0x00000000d5280000)
 Metaspace       used 63349K, committed 64384K, reserved 1114112K
  class space    used 7278K, committed 7744K, reserved 1048576K
}
Event: 118.921 GC heap after
{Heap after GC invocations=237 (full 11):
 PSYoungGen      total 9728K, used 4795K [0x00000000eab00000, 0x00000000eba00000, 0x0000000100000000)
  eden space 4608K, 0% used [0x00000000eab00000,0x00000000eab00000,0x00000000eaf80000)
  from space 5120K, 93% used [0x00000000eaf80000,0x00000000eb42ec18,0x00000000eb480000)
  to   space 5120K, 0% used [0x00000000eb500000,0x00000000eb500000,0x00000000eba00000)
 ParOldGen       total 346624K, used 311847K [0x00000000c0000000, 0x00000000d5280000, 0x00000000eab00000)
  object space 346624K, 89% used [0x00000000c0000000,0x00000000d3089f70,0x00000000d5280000)
 Metaspace       used 63349K, committed 64384K, reserved 1114112K
  class space    used 7278K, committed 7744K, reserved 1048576K
}

