# JRE version: OpenJDK Runtime Environment Microsoft-8035250 (11.0.20+8) (build 11.0.20+8-LTS)
# Java VM: OpenJDK 64-Bit Server VM Microsoft-8035250 (11.0.20+8-LTS, mixed mode, tiered, compressed oops, g1 gc, windows-amd64)
Heap:
 garbage-first heap   total 73728K, used 46924K [0x0000000080000000, 0x0000000100000000)
  region size 1024K, 1 young (1024K), 1 survivors (1024K)
 Metaspace       used 55501K, capacity 57056K, committed 57116K, reserved 577536K
  class space    used 7131K, capacity 7763K, committed 7788K, reserved 516096K
GC Heap History (20 events):
Event: 92.460 GC heap before
{Heap before GC invocations=22 (full 0):
 garbage-first heap   total 61440K, used 51541K [0x0000000080000000, 0x0000000100000000)
  region size 1024K, 18 young (18432K), 2 survivors (2048K)
 Metaspace       used 46235K, capacity 47593K, committed 47900K, reserved 559104K
  class space    used 5844K, capacity 6384K, committed 6508K, reserved 516096K
}
Event: 92.463 GC heap after
{Heap after GC invocations=23 (full 0):
 garbage-first heap   total 61440K, used 33791K [0x0000000080000000, 0x0000000100000000)
  region size 1024K, 2 young (2048K), 2 survivors (2048K)
 Metaspace       used 46235K, capacity 47593K, committed 47900K, reserved 559104K
  class space    used 5844K, capacity 6384K, committed 6508K, reserved 516096K
}
Event: 93.137 GC heap before
{Heap before GC invocations=23 (full 0):
 garbage-first heap   total 61440K, used 50175K [0x0000000080000000, 0x0000000100000000)
  region size 1024K, 18 young (18432K), 2 survivors (2048K)
 Metaspace       used 47505K, capacity 48828K, committed 49052K, reserved 559104K
  class space    used 6043K, capacity 6582K, committed 6636K, reserved 516096K
}
Event: 93.140 GC heap after
{Heap after GC invocations=24 (full 0):
 garbage-first heap   total 61440K, used 34394K [0x0000000080000000, 0x0000000100000000)
  region size 1024K, 2 young (2048K), 2 survivors (2048K)
 Metaspace       used 47505K, capacity 48828K, committed 49052K, reserved 559104K
  class space    used 6043K, capacity 6582K, committed 6636K, reserved 516096K
}
Event: 94.150 GC heap before
{Heap before GC invocations=25 (full 0):
 garbage-first heap   total 61440K, used 51802K [0x0000000080000000, 0x0000000100000000)
  region size 1024K, 19 young (19456K), 2 survivors (2048K)
 Metaspace       used 48514K, capacity 49857K, committed 49948K, reserved 561152K
  class space    used 6200K, capacity 6729K, committed 6764K, reserved 516096K
}
Event: 94.160 GC heap after
{Heap after GC invocations=26 (full 0):
 garbage-first heap   total 61440K, used 35711K [0x0000000080000000, 0x0000000100000000)
  region size 1024K, 3 young (3072K), 3 survivors (3072K)
 Metaspace       used 48514K, capacity 49857K, committed 49948K, reserved 561152K
  class space    used 6200K, capacity 6729K, committed 6764K, reserved 516096K
}
Event: 95.752 GC heap before
{Heap before GC invocations=26 (full 0):
 garbage-first heap   total 61440K, used 51071K [0x0000000080000000, 0x0000000100000000)
  region size 1024K, 18 young (18432K), 3 survivors (3072K)
 Metaspace       used 49978K, capacity 51291K, committed 51484K, reserved 561152K
  class space    used 6427K, capacity 6993K, committed 7020K, reserved 516096K
}
Event: 95.774 GC heap after
{Heap after GC invocations=27 (full 0):
 garbage-first heap   total 61440K, used 36364K [0x0000000080000000, 0x0000000100000000)
  region size 1024K, 2 young (2048K), 2 survivors (2048K)
 Metaspace       used 49978K, capacity 51291K, committed 51484K, reserved 561152K
  class space    used 6427K, capacity 6993K, committed 7020K, reserved 516096K
}
Event: 96.329 GC heap before
{Heap before GC invocations=28 (full 0):
 garbage-first heap   total 61440K, used 50700K [0x0000000080000000, 0x0000000100000000)
  region size 1024K, 16 young (16384K), 2 survivors (2048K)
 Metaspace       used 50939K, capacity 52368K, committed 52508K, reserved 563200K
  class space    used 6551K, capacity 7140K, committed 7276K, reserved 516096K
}
Event: 96.339 GC heap after
{Heap after GC invocations=29 (full 0):
 garbage-first heap   total 61440K, used 36736K [0x0000000080000000, 0x0000000100000000)
  region size 1024K, 1 young (1024K), 1 survivors (1024K)
 Metaspace       used 50939K, capacity 52368K, committed 52508K, reserved 563200K
  class space    used 6551K, capacity 7140K, committed 7276K, reserved 516096K
}
Event: 97.044 GC heap before
{Heap before GC invocations=29 (full 0):
 garbage-first heap   total 61440K, used 51072K [0x0000000080000000, 0x0000000100000000)
  region size 1024K, 15 young (15360K), 1 survivors (1024K)
 Metaspace       used 52036K, capacity 53539K, committed 53660K, reserved 563200K
  class space    used 6704K, capacity 7297K, committed 7404K, reserved 516096K
}
Event: 97.048 GC heap after
{Heap after GC invocations=30 (full 0):
 garbage-first heap   total 61440K, used 36803K [0x0000000080000000, 0x0000000100000000)
  region size 1024K, 2 young (2048K), 2 survivors (2048K)
 Metaspace       used 52036K, capacity 53539K, committed 53660K, reserved 563200K
  class space    used 6704K, capacity 7297K, committed 7404K, reserved 516096K
}
Event: 98.295 GC heap before
{Heap before GC invocations=31 (full 0):
 garbage-first heap   total 61440K, used 48067K [0x0000000080000000, 0x0000000100000000)
  region size 1024K, 14 young (14336K), 2 survivors (2048K)
 Metaspace       used 52575K, capacity 54053K, committed 54172K, reserved 563200K
  class space    used 6774K, capacity 7360K, committed 7404K, reserved 516096K
}
Event: 98.304 GC heap after
{Heap after GC invocations=32 (full 0):
 garbage-first heap   total 61440K, used 37975K [0x0000000080000000, 0x0000000100000000)
  region size 1024K, 2 young (2048K), 2 survivors (2048K)
 Metaspace       used 52575K, capacity 54053K, committed 54172K, reserved 563200K
  class space    used 6774K, capacity 7360K, committed 7404K, reserved 516096K
}
Event: 98.596 GC heap before
{Heap before GC invocations=33 (full 0):
 garbage-first heap   total 61440K, used 42071K [0x0000000080000000, 0x0000000100000000)
  region size 1024K, 5 young (5120K), 2 survivors (2048K)
 Metaspace       used 52912K, capacity 54478K, committed 54812K, reserved 565248K
  class space    used 6815K, capacity 7439K, committed 7532K, reserved 516096K
}
Event: 98.614 GC heap after
{Heap after GC invocations=34 (full 0):
 garbage-first heap   total 73728K, used 40744K [0x0000000080000000, 0x0000000100000000)
  region size 1024K, 1 young (1024K), 1 survivors (1024K)
 Metaspace       used 52912K, capacity 54478K, committed 54812K, reserved 565248K
  class space    used 6815K, capacity 7439K, committed 7532K, reserved 516096K
}
Event: 99.749 GC heap before
{Heap before GC invocations=35 (full 0):
 garbage-first heap   total 73728K, used 56104K [0x0000000080000000, 0x0000000100000000)
  region size 1024K, 12 young (12288K), 1 survivors (1024K)
 Metaspace       used 55052K, capacity 56651K, committed 56860K, reserved 569344K
  class space    used 7066K, capacity 7715K, committed 7788K, reserved 516096K
}
Event: 99.753 GC heap after
{Heap after GC invocations=36 (full 0):
 garbage-first heap   total 73728K, used 46707K [0x0000000080000000, 0x0000000100000000)
  region size 1024K, 2 young (2048K), 2 survivors (2048K)
 Metaspace       used 55052K, capacity 56651K, committed 56860K, reserved 569344K
  class space    used 7066K, capacity 7715K, committed 7788K, reserved 516096K
}
Event: 100.239 GC heap before
{Heap before GC invocations=36 (full 0):
 garbage-first heap   total 73728K, used 49779K [0x0000000080000000, 0x0000000100000000)
  region size 1024K, 6 young (6144K), 2 survivors (2048K)
 Metaspace       used 55501K, capacity 57056K, committed 57116K, reserved 575488K
  class space    used 7131K, capacity 7763K, committed 7788K, reserved 516096K
}
Event: 100.242 GC heap after
{Heap after GC invocations=37 (full 0):
 garbage-first heap   total 73728K, used 46924K [0x0000000080000000, 0x0000000100000000)
  region size 1024K, 1 young (1024K), 1 survivors (1024K)
 Metaspace       used 55501K, capacity 57056K, committed 57116K, reserved 575488K
  class space    used 7131K, capacity 7763K, committed 7788K, reserved 516096K
}

