# JRE version: OpenJDK Runtime Environment Microsoft-8035250 (11.0.20+8) (build 11.0.20+8-LTS)
# Java VM: OpenJDK 64-Bit Server VM Microsoft-8035250 (11.0.20+8-LTS, mixed mode, tiered, compressed oops, g1 gc, windows-amd64)
Heap:
 garbage-first heap   total 173056K, used 77666K [0x0000000080000000, 0x0000000100000000)
  region size 1024K, 2 young (2048K), 2 survivors (2048K)
 Metaspace       used 83599K, capacity 85937K, committed 86096K, reserved 591872K
  class space    used 10759K, capacity 11733K, committed 11776K, reserved 516096K
GC Heap History (20 events):
Event: 30.460 GC heap after
{Heap after GC invocations=59 (full 0):
 garbage-first heap   total 89088K, used 49701K [0x0000000080000000, 0x0000000100000000)
  region size 1024K, 2 young (2048K), 2 survivors (2048K)
 Metaspace       used 63198K, capacity 64964K, committed 65104K, reserved 573440K
  class space    used 8187K, capacity 8909K, committed 8960K, reserved 516096K
}
Event: 30.815 GC heap before
{Heap before GC invocations=60 (full 0):
 garbage-first heap   total 89088K, used 65061K [0x0000000080000000, 0x0000000100000000)
  region size 1024K, 18 young (18432K), 2 survivors (2048K)
 Metaspace       used 64404K, capacity 66186K, committed 66256K, reserved 573440K
  class space    used 8340K, capacity 9078K, committed 9088K, reserved 516096K
}
Event: 30.819 GC heap after
{Heap after GC invocations=61 (full 0):
 garbage-first heap   total 89088K, used 50628K [0x0000000080000000, 0x0000000100000000)
  region size 1024K, 3 young (3072K), 3 survivors (3072K)
 Metaspace       used 64404K, capacity 66186K, committed 66256K, reserved 573440K
  class space    used 8340K, capacity 9078K, committed 9088K, reserved 516096K
}
Event: 31.295 GC heap before
{Heap before GC invocations=61 (full 0):
 garbage-first heap   total 89088K, used 67012K [0x0000000080000000, 0x0000000100000000)
  region size 1024K, 20 young (20480K), 3 survivors (3072K)
 Metaspace       used 65295K, capacity 67063K, committed 67152K, reserved 575488K
  class space    used 8426K, capacity 9151K, committed 9216K, reserved 516096K
}
Event: 31.303 GC heap after
{Heap after GC invocations=62 (full 0):
 garbage-first heap   total 107520K, used 52613K [0x0000000080000000, 0x0000000100000000)
  region size 1024K, 3 young (3072K), 3 survivors (3072K)
 Metaspace       used 65295K, capacity 67063K, committed 67152K, reserved 575488K
  class space    used 8426K, capacity 9151K, committed 9216K, reserved 516096K
}
Event: 32.006 GC heap before
{Heap before GC invocations=63 (full 0):
 garbage-first heap   total 107520K, used 79237K [0x0000000080000000, 0x0000000100000000)
  region size 1024K, 29 young (29696K), 3 survivors (3072K)
 Metaspace       used 66852K, capacity 68795K, committed 69072K, reserved 577536K
  class space    used 8660K, capacity 9494K, committed 9600K, reserved 516096K
}
Event: 32.019 GC heap after
{Heap after GC invocations=64 (full 0):
 garbage-first heap   total 107520K, used 54172K [0x0000000080000000, 0x0000000100000000)
  region size 1024K, 4 young (4096K), 4 survivors (4096K)
 Metaspace       used 66852K, capacity 68795K, committed 69072K, reserved 577536K
  class space    used 8660K, capacity 9494K, committed 9600K, reserved 516096K
}
Event: 35.280 GC heap before
{Heap before GC invocations=64 (full 0):
 garbage-first heap   total 107520K, used 80796K [0x0000000080000000, 0x0000000100000000)
  region size 1024K, 30 young (30720K), 4 survivors (4096K)
 Metaspace       used 68487K, capacity 70450K, committed 70608K, reserved 577536K
  class space    used 8902K, capacity 9738K, committed 9856K, reserved 516096K
}
Event: 35.295 GC heap after
{Heap after GC invocations=65 (full 0):
 garbage-first heap   total 107520K, used 56261K [0x0000000080000000, 0x0000000100000000)
  region size 1024K, 4 young (4096K), 4 survivors (4096K)
 Metaspace       used 68487K, capacity 70450K, committed 70608K, reserved 577536K
  class space    used 8902K, capacity 9738K, committed 9856K, reserved 516096K
}
Event: 36.584 GC heap before
{Heap before GC invocations=66 (full 0):
 garbage-first heap   total 107520K, used 82885K [0x0000000080000000, 0x0000000100000000)
  region size 1024K, 30 young (30720K), 4 survivors (4096K)
 Metaspace       used 70550K, capacity 72695K, committed 72912K, reserved 579584K
  class space    used 9204K, capacity 10093K, committed 10112K, reserved 516096K
}
Event: 36.601 GC heap after
{Heap after GC invocations=67 (full 0):
 garbage-first heap   total 107520K, used 58448K [0x0000000080000000, 0x0000000100000000)
  region size 1024K, 4 young (4096K), 4 survivors (4096K)
 Metaspace       used 70550K, capacity 72695K, committed 72912K, reserved 579584K
  class space    used 9204K, capacity 10093K, committed 10112K, reserved 516096K
}
Event: 37.957 GC heap before
{Heap before GC invocations=67 (full 0):
 garbage-first heap   total 107520K, used 84048K [0x0000000080000000, 0x0000000100000000)
  region size 1024K, 29 young (29696K), 4 survivors (4096K)
 Metaspace       used 72216K, capacity 74284K, committed 74448K, reserved 581632K
  class space    used 9384K, capacity 10257K, committed 10368K, reserved 516096K
}
Event: 37.976 GC heap after
{Heap after GC invocations=68 (full 0):
 garbage-first heap   total 140288K, used 61233K [0x0000000080000000, 0x0000000100000000)
  region size 1024K, 3 young (3072K), 3 survivors (3072K)
 Metaspace       used 72216K, capacity 74284K, committed 74448K, reserved 581632K
  class space    used 9384K, capacity 10257K, committed 10368K, reserved 516096K
}
Event: 39.047 GC heap before
{Heap before GC invocations=69 (full 0):
 garbage-first heap   total 140288K, used 99121K [0x0000000080000000, 0x0000000100000000)
  region size 1024K, 39 young (39936K), 3 survivors (3072K)
 Metaspace       used 74436K, capacity 76725K, committed 77008K, reserved 583680K
  class space    used 9655K, capacity 10595K, committed 10624K, reserved 516096K
}
Event: 39.075 GC heap after
{Heap after GC invocations=70 (full 0):
 garbage-first heap   total 140288K, used 67244K [0x0000000080000000, 0x0000000100000000)
  region size 1024K, 5 young (5120K), 5 survivors (5120K)
 Metaspace       used 74436K, capacity 76725K, committed 77008K, reserved 583680K
  class space    used 9655K, capacity 10595K, committed 10624K, reserved 516096K
}
Event: 40.320 GC heap before
{Heap before GC invocations=70 (full 0):
 garbage-first heap   total 140288K, used 102060K [0x0000000080000000, 0x0000000100000000)
  region size 1024K, 39 young (39936K), 5 survivors (5120K)
 Metaspace       used 79479K, capacity 81800K, committed 82000K, reserved 587776K
  class space    used 10210K, capacity 11174K, committed 11264K, reserved 516096K
}
Event: 40.364 GC heap after
{Heap after GC invocations=71 (full 0):
 garbage-first heap   total 140288K, used 71671K [0x0000000080000000, 0x0000000100000000)
  region size 1024K, 5 young (5120K), 5 survivors (5120K)
 Metaspace       used 79479K, capacity 81800K, committed 82000K, reserved 587776K
  class space    used 10210K, capacity 11174K, committed 11264K, reserved 516096K
}
Event: 41.161 GC heap before
{Heap before GC invocations=72 (full 0):
 garbage-first heap   total 140288K, used 113655K [0x0000000080000000, 0x0000000100000000)
  region size 1024K, 39 young (39936K), 5 survivors (5120K)
 Metaspace       used 81458K, capacity 83815K, committed 84048K, reserved 589824K
  class space    used 10469K, capacity 11435K, committed 11520K, reserved 516096K
}
Event: 41.178 GC heap after
{Heap after GC invocations=73 (full 0):
 garbage-first heap   total 140288K, used 75774K [0x0000000080000000, 0x0000000100000000)
  region size 1024K, 5 young (5120K), 5 survivors (5120K)
 Metaspace       used 81458K, capacity 83815K, committed 84048K, reserved 589824K
  class space    used 10469K, capacity 11435K, committed 11520K, reserved 516096K
}
Event: 41.802 GC heap before
{Heap before GC invocations=73 (full 0):
 garbage-first heap   total 140288K, used 99326K [0x0000000080000000, 0x0000000100000000)
  region size 1024K, 29 young (29696K), 5 survivors (5120K)
 Metaspace       used 83599K, capacity 85937K, committed 86096K, reserved 591872K
  class space    used 10759K, capacity 11733K, committed 11776K, reserved 516096K
}

