# JRE version: OpenJDK Runtime Environment Microsoft-8035250 (11.0.20+8) (build 11.0.20+8-LTS)
# Java VM: OpenJDK 64-Bit Server VM Microsoft-8035250 (11.0.20+8-LTS, mixed mode, tiered, compressed oops, g1 gc, windows-amd64)
Heap:
 garbage-first heap   total 61440K, used 20852K [0x00000000c4400000, 0x0000000100000000)
  region size 1024K, 2 young (2048K), 1 survivors (1024K)
 Metaspace       used 36487K, capacity 36989K, committed 37200K, reserved 1087488K
  class space    used 4439K, capacity 4639K, committed 4732K, reserved 1048576K
GC Heap History (12 events):
Event: 2.443 GC heap before
{Heap before GC invocations=0 (full 0):
 garbage-first heap   total 61440K, used 17408K [0x00000000c4400000, 0x0000000100000000)
  region size 1024K, 14 young (14336K), 0 survivors (0K)
 Metaspace       used 9869K, capacity 9970K, committed 10112K, reserved 1058816K
  class space    used 825K, capacity 853K, committed 896K, reserved 1048576K
}
Event: 2.481 GC heap after
{Heap after GC invocations=1 (full 0):
 garbage-first heap   total 61440K, used 5300K [0x00000000c4400000, 0x0000000100000000)
  region size 1024K, 2 young (2048K), 2 survivors (2048K)
 Metaspace       used 9869K, capacity 9970K, committed 10112K, reserved 1058816K
  class space    used 825K, capacity 853K, committed 896K, reserved 1048576K
}
Event: 5.269 GC heap before
{Heap before GC invocations=1 (full 0):
 garbage-first heap   total 61440K, used 40116K [0x00000000c4400000, 0x0000000100000000)
  region size 1024K, 36 young (36864K), 2 survivors (2048K)
 Metaspace       used 17682K, capacity 17829K, committed 18048K, reserved 1064960K
  class space    used 1748K, capacity 1798K, committed 1920K, reserved 1048576K
}
Event: 5.283 GC heap after
{Heap after GC invocations=2 (full 0):
 garbage-first heap   total 61440K, used 8772K [0x00000000c4400000, 0x0000000100000000)
  region size 1024K, 5 young (5120K), 5 survivors (5120K)
 Metaspace       used 17682K, capacity 17829K, committed 18048K, reserved 1064960K
  class space    used 1748K, capacity 1798K, committed 1920K, reserved 1048576K
}
Event: 6.223 GC heap before
{Heap before GC invocations=2 (full 0):
 garbage-first heap   total 61440K, used 20036K [0x00000000c4400000, 0x0000000100000000)
  region size 1024K, 17 young (17408K), 5 survivors (5120K)
 Metaspace       used 21000K, capacity 21182K, committed 21248K, reserved 1069056K
  class space    used 2202K, capacity 2280K, committed 2304K, reserved 1048576K
}
Event: 6.237 GC heap after
{Heap after GC invocations=3 (full 0):
 garbage-first heap   total 61440K, used 9538K [0x00000000c4400000, 0x0000000100000000)
  region size 1024K, 1 young (1024K), 1 survivors (1024K)
 Metaspace       used 21000K, capacity 21182K, committed 21248K, reserved 1069056K
  class space    used 2202K, capacity 2280K, committed 2304K, reserved 1048576K
}
Event: 10.886 GC heap before
{Heap before GC invocations=4 (full 0):
 garbage-first heap   total 61440K, used 35138K [0x00000000c4400000, 0x0000000100000000)
  region size 1024K, 24 young (24576K), 1 survivors (1024K)
 Metaspace       used 28022K, capacity 28462K, committed 28668K, reserved 1075200K
  class space    used 3013K, capacity 3208K, committed 3324K, reserved 1048576K
}
Event: 10.891 GC heap after
{Heap after GC invocations=5 (full 0):
 garbage-first heap   total 61440K, used 14477K [0x00000000c4400000, 0x0000000100000000)
  region size 1024K, 3 young (3072K), 3 survivors (3072K)
 Metaspace       used 28022K, capacity 28462K, committed 28668K, reserved 1075200K
  class space    used 3013K, capacity 3208K, committed 3324K, reserved 1048576K
}
Event: 14.326 GC heap before
{Heap before GC invocations=5 (full 0):
 garbage-first heap   total 61440K, used 40077K [0x00000000c4400000, 0x0000000100000000)
  region size 1024K, 26 young (26624K), 3 survivors (3072K)
 Metaspace       used 31940K, capacity 32346K, committed 32636K, reserved 1077248K
  class space    used 3920K, capacity 4116K, committed 4220K, reserved 1048576K
}
Event: 14.341 GC heap after
{Heap after GC invocations=6 (full 0):
 garbage-first heap   total 61440K, used 20921K [0x00000000c4400000, 0x0000000100000000)
  region size 1024K, 4 young (4096K), 4 survivors (4096K)
 Metaspace       used 31940K, capacity 32346K, committed 32636K, reserved 1077248K
  class space    used 3920K, capacity 4116K, committed 4220K, reserved 1048576K
}
Event: 15.458 GC heap before
{Heap before GC invocations=6 (full 0):
 garbage-first heap   total 61440K, used 36281K [0x00000000c4400000, 0x0000000100000000)
  region size 1024K, 20 young (20480K), 4 survivors (4096K)
 Metaspace       used 35485K, capacity 35883K, committed 36048K, reserved 1081344K
  class space    used 4313K, capacity 4506K, committed 4604K, reserved 1048576K
}
Event: 15.469 GC heap after
{Heap after GC invocations=7 (full 0):
 garbage-first heap   total 61440K, used 20502K [0x00000000c4400000, 0x0000000100000000)
  region size 1024K, 2 young (2048K), 2 survivors (2048K)
 Metaspace       used 35485K, capacity 35883K, committed 36048K, reserved 1081344K
  class space    used 4313K, capacity 4506K, committed 4604K, reserved 1048576K
}

