# JRE version: OpenJDK Runtime Environment Microsoft-8035250 (11.0.20+8) (build 11.0.20+8-LTS)
# Java VM: OpenJDK 64-Bit Server VM Microsoft-8035250 (11.0.20+8-LTS, mixed mode, tiered, compressed oops, g1 gc, windows-amd64)
Heap:
 garbage-first heap   total 391168K, used 240312K [0x0000000080000000, 0x0000000100000000)
  region size 1024K, 39 young (39936K), 9 survivors (9216K)
 Metaspace       used 121030K, capacity 125539K, committed 125648K, reserved 624640K
  class space    used 15723K, capacity 17527K, committed 17536K, reserved 516096K
GC Heap History (20 events):
Event: 182.454 GC heap before
{Heap before GC invocations=118 (full 0):
 garbage-first heap   total 215040K, used 167101K [0x0000000080000000, 0x0000000100000000)
  region size 1024K, 30 young (30720K), 3 survivors (3072K)
 Metaspace       used 105516K, capacity 109339K, committed 109520K, reserved 610304K
  class space    used 13884K, capacity 15413K, committed 15488K, reserved 516096K
}
Event: 182.472 GC heap after
{Heap after GC invocations=119 (full 0):
 garbage-first heap   total 215040K, used 141693K [0x0000000080000000, 0x0000000100000000)
  region size 1024K, 4 young (4096K), 4 survivors (4096K)
 Metaspace       used 105516K, capacity 109339K, committed 109520K, reserved 610304K
  class space    used 13884K, capacity 15413K, committed 15488K, reserved 516096K
}
Event: 182.935 GC heap before
{Heap before GC invocations=120 (full 0):
 garbage-first heap   total 215040K, used 170365K [0x0000000080000000, 0x0000000100000000)
  region size 1024K, 32 young (32768K), 4 survivors (4096K)
 Metaspace       used 105827K, capacity 109594K, committed 109776K, reserved 612352K
  class space    used 13919K, capacity 15451K, committed 15488K, reserved 516096K
}
Event: 182.958 GC heap after
{Heap after GC invocations=121 (full 0):
 garbage-first heap   total 215040K, used 144833K [0x0000000080000000, 0x0000000100000000)
  region size 1024K, 4 young (4096K), 4 survivors (4096K)
 Metaspace       used 105827K, capacity 109594K, committed 109776K, reserved 612352K
  class space    used 13919K, capacity 15451K, committed 15488K, reserved 516096K
}
Event: 183.190 GC heap before
{Heap before GC invocations=121 (full 0):
 garbage-first heap   total 215040K, used 173505K [0x0000000080000000, 0x0000000100000000)
  region size 1024K, 32 young (32768K), 4 survivors (4096K)
 Metaspace       used 106028K, capacity 109830K, committed 110032K, reserved 612352K
  class space    used 13939K, capacity 15485K, committed 15488K, reserved 516096K
}
Event: 183.220 GC heap after
{Heap after GC invocations=122 (full 0):
 garbage-first heap   total 258048K, used 148942K [0x0000000080000000, 0x0000000100000000)
  region size 1024K, 4 young (4096K), 4 survivors (4096K)
 Metaspace       used 106028K, capacity 109830K, committed 110032K, reserved 612352K
  class space    used 13939K, capacity 15485K, committed 15488K, reserved 516096K
}
Event: 184.320 GC heap before
{Heap before GC invocations=122 (full 0):
 garbage-first heap   total 258048K, used 189902K [0x0000000080000000, 0x0000000100000000)
  region size 1024K, 44 young (45056K), 4 survivors (4096K)
 Metaspace       used 106049K, capacity 109894K, committed 110032K, reserved 612352K
  class space    used 13940K, capacity 15485K, committed 15488K, reserved 516096K
}
Event: 184.358 GC heap after
{Heap after GC invocations=123 (full 0):
 garbage-first heap   total 258048K, used 154848K [0x0000000080000000, 0x0000000100000000)
  region size 1024K, 6 young (6144K), 6 survivors (6144K)
 Metaspace       used 106049K, capacity 109894K, committed 110032K, reserved 612352K
  class space    used 13940K, capacity 15485K, committed 15488K, reserved 516096K
}
Event: 186.851 GC heap before
{Heap before GC invocations=124 (full 0):
 garbage-first heap   total 258048K, used 190688K [0x0000000080000000, 0x0000000100000000)
  region size 1024K, 43 young (44032K), 6 survivors (6144K)
 Metaspace       used 106231K, capacity 110173K, committed 110416K, reserved 612352K
  class space    used 13962K, capacity 15542K, committed 15616K, reserved 516096K
}
Event: 186.938 GC heap after
{Heap after GC invocations=125 (full 0):
 garbage-first heap   total 258048K, used 159744K [0x0000000080000000, 0x0000000100000000)
  region size 1024K, 5 young (5120K), 5 survivors (5120K)
 Metaspace       used 106231K, capacity 110173K, committed 110416K, reserved 612352K
  class space    used 13962K, capacity 15542K, committed 15616K, reserved 516096K
}
Event: 190.298 GC heap before
{Heap before GC invocations=126 (full 0):
 garbage-first heap   total 258048K, used 205824K [0x0000000080000000, 0x0000000100000000)
  region size 1024K, 45 young (46080K), 5 survivors (5120K)
 Metaspace       used 108204K, capacity 112177K, committed 112464K, reserved 614400K
  class space    used 14211K, capacity 15822K, committed 15872K, reserved 516096K
}
Event: 190.369 GC heap after
{Heap after GC invocations=127 (full 0):
 garbage-first heap   total 258048K, used 167936K [0x0000000080000000, 0x0000000100000000)
  region size 1024K, 4 young (4096K), 4 survivors (4096K)
 Metaspace       used 108204K, capacity 112177K, committed 112464K, reserved 614400K
  class space    used 14211K, capacity 15822K, committed 15872K, reserved 516096K
}
Event: 191.850 GC heap before
{Heap before GC invocations=127 (full 0):
 garbage-first heap   total 258048K, used 187392K [0x0000000080000000, 0x0000000100000000)
  region size 1024K, 24 young (24576K), 4 survivors (4096K)
 Metaspace       used 108421K, capacity 112619K, committed 112848K, reserved 614400K
  class space    used 14239K, capacity 15900K, committed 16000K, reserved 516096K
}
Event: 191.902 GC heap after
{Heap after GC invocations=128 (full 0):
 garbage-first heap   total 391168K, used 170525K [0x0000000080000000, 0x0000000100000000)
  region size 1024K, 3 young (3072K), 3 survivors (3072K)
 Metaspace       used 108421K, capacity 112619K, committed 112848K, reserved 614400K
  class space    used 14239K, capacity 15900K, committed 16000K, reserved 516096K
}
Event: 199.593 GC heap before
{Heap before GC invocations=129 (full 0):
 garbage-first heap   total 391168K, used 257565K [0x0000000080000000, 0x0000000100000000)
  region size 1024K, 82 young (83968K), 3 survivors (3072K)
 Metaspace       used 111536K, capacity 115774K, committed 116048K, reserved 616448K
  class space    used 14636K, capacity 16325K, committed 16384K, reserved 516096K
}
Event: 199.669 GC heap after
{Heap after GC invocations=130 (full 0):
 garbage-first heap   total 391168K, used 188957K [0x0000000080000000, 0x0000000100000000)
  region size 1024K, 11 young (11264K), 11 survivors (11264K)
 Metaspace       used 111536K, capacity 115774K, committed 116048K, reserved 616448K
  class space    used 14636K, capacity 16325K, committed 16384K, reserved 516096K
}
Event: 206.274 GC heap before
{Heap before GC invocations=130 (full 0):
 garbage-first heap   total 391168K, used 282141K [0x0000000080000000, 0x0000000100000000)
  region size 1024K, 102 young (104448K), 11 survivors (11264K)
 Metaspace       used 116496K, capacity 120873K, committed 121040K, reserved 620544K
  class space    used 15270K, capacity 16957K, committed 17024K, reserved 516096K
}
Event: 206.632 GC heap after
{Heap after GC invocations=131 (full 0):
 garbage-first heap   total 391168K, used 202504K [0x0000000080000000, 0x0000000100000000)
  region size 1024K, 13 young (13312K), 13 survivors (13312K)
 Metaspace       used 116496K, capacity 120873K, committed 121040K, reserved 620544K
  class space    used 15270K, capacity 16957K, committed 17024K, reserved 516096K
}
Event: 219.167 GC heap before
{Heap before GC invocations=132 (full 0):
 garbage-first heap   total 391168K, used 294664K [0x0000000080000000, 0x0000000100000000)
  region size 1024K, 103 young (105472K), 13 survivors (13312K)
 Metaspace       used 119614K, capacity 124033K, committed 124240K, reserved 624640K
  class space    used 15617K, capacity 17408K, committed 17408K, reserved 516096K
}
Event: 219.469 GC heap after
{Heap after GC invocations=133 (full 0):
 garbage-first heap   total 391168K, used 211640K [0x0000000080000000, 0x0000000100000000)
  region size 1024K, 9 young (9216K), 9 survivors (9216K)
 Metaspace       used 119614K, capacity 124033K, committed 124240K, reserved 624640K
  class space    used 15617K, capacity 17408K, committed 17408K, reserved 516096K
}

