# JRE version: OpenJDK Runtime Environment Microsoft-8035250 (11.0.20+8) (build 11.0.20+8-LTS)
# Java VM: OpenJDK 64-Bit Server VM Microsoft-8035250 (11.0.20+8-LTS, mixed mode, tiered, compressed oops, g1 gc, windows-amd64)
Heap:
 garbage-first heap   total 473088K, used 228908K [0x0000000080000000, 0x0000000100000000)
  region size 1024K, 1 young (1024K), 1 survivors (1024K)
 Metaspace       used 129678K, capacity 135117K, committed 135248K, reserved 632832K
  class space    used 16537K, capacity 18642K, committed 18688K, reserved 516096K
GC Heap History (20 events):
Event: 1471.200 GC heap after
{Heap after GC invocations=192 (full 0):
 garbage-first heap   total 301056K, used 199912K [0x0000000080000000, 0x0000000100000000)
  region size 1024K, 2 young (2048K), 2 survivors (2048K)
 Metaspace       used 128996K, capacity 134379K, committed 134608K, reserved 632832K
  class space    used 16473K, capacity 18529K, committed 18560K, reserved 516096K
}
Event: 1473.662 GC heap before
{Heap before GC invocations=192 (full 0):
 garbage-first heap   total 301056K, used 233704K [0x0000000080000000, 0x0000000100000000)
  region size 1024K, 35 young (35840K), 2 survivors (2048K)
 Metaspace       used 129124K, capacity 134474K, committed 134608K, reserved 632832K
  class space    used 16476K, capacity 18534K, committed 18560K, reserved 516096K
}
Event: 1473.755 GC heap after
{Heap after GC invocations=193 (full 0):
 garbage-first heap   total 301056K, used 206181K [0x0000000080000000, 0x0000000100000000)
  region size 1024K, 5 young (5120K), 5 survivors (5120K)
 Metaspace       used 129124K, capacity 134474K, committed 134608K, reserved 632832K
  class space    used 16476K, capacity 18534K, committed 18560K, reserved 516096K
}
Event: 1476.797 GC heap before
{Heap before GC invocations=193 (full 0):
 garbage-first heap   total 301056K, used 237925K [0x0000000080000000, 0x0000000100000000)
  region size 1024K, 37 young (37888K), 5 survivors (5120K)
 Metaspace       used 129172K, capacity 134544K, committed 134608K, reserved 632832K
  class space    used 16477K, capacity 18535K, committed 18560K, reserved 516096K
}
Event: 1476.977 GC heap after
{Heap after GC invocations=194 (full 0):
 garbage-first heap   total 301056K, used 214016K [0x0000000080000000, 0x0000000100000000)
  region size 1024K, 5 young (5120K), 5 survivors (5120K)
 Metaspace       used 129172K, capacity 134544K, committed 134608K, reserved 632832K
  class space    used 16477K, capacity 18535K, committed 18560K, reserved 516096K
}
Event: 1484.282 GC heap before
{Heap before GC invocations=195 (full 0):
 garbage-first heap   total 301056K, used 244736K [0x0000000080000000, 0x0000000100000000)
  region size 1024K, 35 young (35840K), 5 survivors (5120K)
 Metaspace       used 129317K, capacity 134717K, committed 134864K, reserved 632832K
  class space    used 16487K, capacity 18551K, committed 18560K, reserved 516096K
}
Event: 1484.438 GC heap after
{Heap after GC invocations=196 (full 0):
 garbage-first heap   total 301056K, used 221124K [0x0000000080000000, 0x0000000100000000)
  region size 1024K, 5 young (5120K), 5 survivors (5120K)
 Metaspace       used 129317K, capacity 134717K, committed 134864K, reserved 632832K
  class space    used 16487K, capacity 18551K, committed 18560K, reserved 516096K
}
Event: 1485.103 GC heap before
{Heap before GC invocations=196 (full 0):
 garbage-first heap   total 301056K, used 230340K [0x0000000080000000, 0x0000000100000000)
  region size 1024K, 14 young (14336K), 5 survivors (5120K)
 Metaspace       used 129319K, capacity 134717K, committed 134864K, reserved 632832K
  class space    used 16487K, capacity 18551K, committed 18560K, reserved 516096K
}
Event: 1485.472 GC heap after
{Heap after GC invocations=197 (full 0):
 garbage-first heap   total 301056K, used 221026K [0x0000000080000000, 0x0000000100000000)
  region size 1024K, 2 young (2048K), 2 survivors (2048K)
 Metaspace       used 129319K, capacity 134717K, committed 134864K, reserved 632832K
  class space    used 16487K, capacity 18551K, committed 18560K, reserved 516096K
}
Event: 1486.702 GC heap before
{Heap before GC invocations=197 (full 0):
 garbage-first heap   total 301056K, used 233314K [0x0000000080000000, 0x0000000100000000)
  region size 1024K, 14 young (14336K), 2 survivors (2048K)
 Metaspace       used 129340K, capacity 134724K, committed 134864K, reserved 632832K
  class space    used 16488K, capacity 18552K, committed 18560K, reserved 516096K
}
Event: 1486.876 GC heap after
{Heap after GC invocations=198 (full 0):
 garbage-first heap   total 301056K, used 224174K [0x0000000080000000, 0x0000000100000000)
  region size 1024K, 2 young (2048K), 2 survivors (2048K)
 Metaspace       used 129340K, capacity 134724K, committed 134864K, reserved 632832K
  class space    used 16488K, capacity 18552K, committed 18560K, reserved 516096K
}
Event: 1488.675 GC heap before
{Heap before GC invocations=198 (full 0):
 garbage-first heap   total 301056K, used 249774K [0x0000000080000000, 0x0000000100000000)
  region size 1024K, 27 young (27648K), 2 survivors (2048K)
 Metaspace       used 129374K, capacity 134734K, committed 134864K, reserved 632832K
  class space    used 16490K, capacity 18554K, committed 18560K, reserved 516096K
}
Event: 1488.730 GC heap after
{Heap after GC invocations=199 (full 0):
 garbage-first heap   total 301056K, used 227873K [0x0000000080000000, 0x0000000100000000)
  region size 1024K, 4 young (4096K), 4 survivors (4096K)
 Metaspace       used 129374K, capacity 134734K, committed 134864K, reserved 632832K
  class space    used 16490K, capacity 18554K, committed 18560K, reserved 516096K
}
Event: 1495.307 GC heap before
{Heap before GC invocations=199 (full 0):
 garbage-first heap   total 301056K, used 252449K [0x0000000080000000, 0x0000000100000000)
  region size 1024K, 28 young (28672K), 4 survivors (4096K)
 Metaspace       used 129532K, capacity 134914K, committed 135248K, reserved 632832K
  class space    used 16517K, capacity 18605K, committed 18688K, reserved 516096K
}
Event: 1495.419 GC heap after
{Heap after GC invocations=200 (full 0):
 garbage-first heap   total 301056K, used 229088K [0x0000000080000000, 0x0000000100000000)
  region size 1024K, 2 young (2048K), 2 survivors (2048K)
 Metaspace       used 129532K, capacity 134914K, committed 135248K, reserved 632832K
  class space    used 16517K, capacity 18605K, committed 18688K, reserved 516096K
}
Event: 1498.188 GC heap before
{Heap before GC invocations=201 (full 0):
 garbage-first heap   total 301056K, used 254688K [0x0000000080000000, 0x0000000100000000)
  region size 1024K, 27 young (27648K), 2 survivors (2048K)
 Metaspace       used 129669K, capacity 135117K, committed 135248K, reserved 632832K
  class space    used 16537K, capacity 18642K, committed 18688K, reserved 516096K
}
Event: 1498.213 GC heap after
{Heap after GC invocations=202 (full 0):
 garbage-first heap   total 301056K, used 230156K [0x0000000080000000, 0x0000000100000000)
  region size 1024K, 3 young (3072K), 3 survivors (3072K)
 Metaspace       used 129669K, capacity 135117K, committed 135248K, reserved 632832K
  class space    used 16537K, capacity 18642K, committed 18688K, reserved 516096K
}
Event: 1502.619 GC heap before
{Heap before GC invocations=202 (full 0):
 garbage-first heap   total 301056K, used 240396K [0x0000000080000000, 0x0000000100000000)
  region size 1024K, 14 young (14336K), 3 survivors (3072K)
 Metaspace       used 129678K, capacity 135117K, committed 135248K, reserved 632832K
  class space    used 16537K, capacity 18642K, committed 18688K, reserved 516096K
}
Event: 1502.832 GC heap after
{Heap after GC invocations=203 (full 0):
 garbage-first heap   total 301056K, used 228810K [0x0000000080000000, 0x0000000100000000)
  region size 1024K, 2 young (2048K), 2 survivors (2048K)
 Metaspace       used 129678K, capacity 135117K, committed 135248K, reserved 632832K
  class space    used 16537K, capacity 18642K, committed 18688K, reserved 516096K
}
Event: 1503.049 GC heap before
{Heap before GC invocations=203 (full 0):
 garbage-first heap   total 301056K, used 241098K [0x0000000080000000, 0x0000000100000000)
  region size 1024K, 14 young (14336K), 2 survivors (2048K)
 Metaspace       used 129678K, capacity 135117K, committed 135248K, reserved 632832K
  class space    used 16537K, capacity 18642K, committed 18688K, reserved 516096K
}

