# JRE version: OpenJDK Runtime Environment Microsoft-8035250 (11.0.20+8) (build 11.0.20+8-LTS)
# Java VM: OpenJDK 64-Bit Server VM Microsoft-8035250 (11.0.20+8-LTS, mixed mode, tiered, compressed oops, g1 gc, windows-amd64)
Heap:
 garbage-first heap   total 107520K, used 75914K [0x0000000080000000, 0x0000000100000000)
  region size 1024K, 11 young (11264K), 1 survivors (1024K)
 Metaspace       used 76283K, capacity 78650K, committed 78876K, reserved 585728K
  class space    used 9876K, capacity 10835K, committed 10956K, reserved 516096K
GC Heap History (20 events):
Event: 198.316 GC heap before
{Heap before GC invocations=59 (full 0):
 garbage-first heap   total 89088K, used 71124K [0x0000000080000000, 0x0000000100000000)
  region size 1024K, 17 young (17408K), 2 survivors (2048K)
 Metaspace       used 70006K, capacity 72205K, committed 72348K, reserved 579584K
  class space    used 9082K, capacity 9962K, committed 10060K, reserved 516096K
}
Event: 198.326 GC heap after
{Heap after GC invocations=60 (full 0):
 garbage-first heap   total 89088K, used 57482K [0x0000000080000000, 0x0000000100000000)
  region size 1024K, 3 young (3072K), 3 survivors (3072K)
 Metaspace       used 70006K, capacity 72205K, committed 72348K, reserved 579584K
  class space    used 9082K, capacity 9962K, committed 10060K, reserved 516096K
}
Event: 199.532 GC heap before
{Heap before GC invocations=60 (full 0):
 garbage-first heap   total 89088K, used 71818K [0x0000000080000000, 0x0000000100000000)
  region size 1024K, 17 young (17408K), 3 survivors (3072K)
 Metaspace       used 71343K, capacity 73630K, committed 73884K, reserved 581632K
  class space    used 9309K, capacity 10246K, committed 10316K, reserved 516096K
}
Event: 199.553 GC heap after
{Heap after GC invocations=61 (full 0):
 garbage-first heap   total 89088K, used 58674K [0x0000000080000000, 0x0000000100000000)
  region size 1024K, 2 young (2048K), 2 survivors (2048K)
 Metaspace       used 71343K, capacity 73630K, committed 73884K, reserved 581632K
  class space    used 9309K, capacity 10246K, committed 10316K, reserved 516096K
}
Event: 200.189 GC heap before
{Heap before GC invocations=62 (full 0):
 garbage-first heap   total 89088K, used 71986K [0x0000000080000000, 0x0000000100000000)
  region size 1024K, 15 young (15360K), 2 survivors (2048K)
 Metaspace       used 72163K, capacity 74449K, committed 74780K, reserved 581632K
  class space    used 9413K, capacity 10345K, committed 10444K, reserved 516096K
}
Event: 200.198 GC heap after
{Heap after GC invocations=63 (full 0):
 garbage-first heap   total 89088K, used 59954K [0x0000000080000000, 0x0000000100000000)
  region size 1024K, 2 young (2048K), 2 survivors (2048K)
 Metaspace       used 72163K, capacity 74449K, committed 74780K, reserved 581632K
  class space    used 9413K, capacity 10345K, committed 10444K, reserved 516096K
}
Event: 200.253 GC heap before
{Heap before GC invocations=63 (full 0):
 garbage-first heap   total 89088K, used 62002K [0x0000000080000000, 0x0000000100000000)
  region size 1024K, 4 young (4096K), 2 survivors (2048K)
 Metaspace       used 72293K, capacity 74577K, committed 74780K, reserved 581632K
  class space    used 9425K, capacity 10345K, committed 10444K, reserved 516096K
}
Event: 200.262 GC heap after
{Heap after GC invocations=64 (full 0):
 garbage-first heap   total 89088K, used 59289K [0x0000000080000000, 0x0000000100000000)
  region size 1024K, 1 young (1024K), 1 survivors (1024K)
 Metaspace       used 72293K, capacity 74577K, committed 74780K, reserved 581632K
  class space    used 9425K, capacity 10345K, committed 10444K, reserved 516096K
}
Event: 200.698 GC heap before
{Heap before GC invocations=64 (full 0):
 garbage-first heap   total 89088K, used 72601K [0x0000000080000000, 0x0000000100000000)
  region size 1024K, 14 young (14336K), 1 survivors (1024K)
 Metaspace       used 73290K, capacity 75535K, committed 75676K, reserved 581632K
  class space    used 9519K, capacity 10449K, committed 10572K, reserved 516096K
}
Event: 200.704 GC heap after
{Heap after GC invocations=65 (full 0):
 garbage-first heap   total 89088K, used 60501K [0x0000000080000000, 0x0000000100000000)
  region size 1024K, 2 young (2048K), 2 survivors (2048K)
 Metaspace       used 73290K, capacity 75535K, committed 75676K, reserved 581632K
  class space    used 9519K, capacity 10449K, committed 10572K, reserved 516096K
}
Event: 201.544 GC heap before
{Heap before GC invocations=66 (full 0):
 garbage-first heap   total 89088K, used 72789K [0x0000000080000000, 0x0000000100000000)
  region size 1024K, 15 young (15360K), 2 survivors (2048K)
 Metaspace       used 73847K, capacity 76151K, committed 76188K, reserved 583680K
  class space    used 9586K, capacity 10545K, committed 10572K, reserved 516096K
}
Event: 201.550 GC heap after
{Heap after GC invocations=67 (full 0):
 garbage-first heap   total 89088K, used 62580K [0x0000000080000000, 0x0000000100000000)
  region size 1024K, 2 young (2048K), 2 survivors (2048K)
 Metaspace       used 73847K, capacity 76151K, committed 76188K, reserved 583680K
  class space    used 9586K, capacity 10545K, committed 10572K, reserved 516096K
}
Event: 201.603 GC heap before
{Heap before GC invocations=67 (full 0):
 garbage-first heap   total 89088K, used 63604K [0x0000000080000000, 0x0000000100000000)
  region size 1024K, 4 young (4096K), 2 survivors (2048K)
 Metaspace       used 73861K, capacity 76219K, committed 76444K, reserved 583680K
  class space    used 9586K, capacity 10545K, committed 10572K, reserved 516096K
}
Event: 201.611 GC heap after
{Heap after GC invocations=68 (full 0):
 garbage-first heap   total 89088K, used 62564K [0x0000000080000000, 0x0000000100000000)
  region size 1024K, 1 young (1024K), 1 survivors (1024K)
 Metaspace       used 73861K, capacity 76219K, committed 76444K, reserved 583680K
  class space    used 9586K, capacity 10545K, committed 10572K, reserved 516096K
}
Event: 202.187 GC heap before
{Heap before GC invocations=68 (full 0):
 garbage-first heap   total 89088K, used 65636K [0x0000000080000000, 0x0000000100000000)
  region size 1024K, 6 young (6144K), 1 survivors (1024K)
 Metaspace       used 73909K, capacity 76241K, committed 76444K, reserved 583680K
  class space    used 9588K, capacity 10547K, committed 10572K, reserved 516096K
}
Event: 202.195 GC heap after
{Heap after GC invocations=69 (full 0):
 garbage-first heap   total 89088K, used 62814K [0x0000000080000000, 0x0000000100000000)
  region size 1024K, 1 young (1024K), 1 survivors (1024K)
 Metaspace       used 73909K, capacity 76241K, committed 76444K, reserved 583680K
  class space    used 9588K, capacity 10547K, committed 10572K, reserved 516096K
}
Event: 202.716 GC heap before
{Heap before GC invocations=70 (full 0):
 garbage-first heap   total 89088K, used 75102K [0x0000000080000000, 0x0000000100000000)
  region size 1024K, 12 young (12288K), 1 survivors (1024K)
 Metaspace       used 74881K, capacity 77281K, committed 77340K, reserved 583680K
  class space    used 9708K, capacity 10683K, committed 10700K, reserved 516096K
}
Event: 202.728 GC heap after
{Heap after GC invocations=71 (full 0):
 garbage-first heap   total 89088K, used 68006K [0x0000000080000000, 0x0000000100000000)
  region size 1024K, 2 young (2048K), 2 survivors (2048K)
 Metaspace       used 74881K, capacity 77281K, committed 77340K, reserved 583680K
  class space    used 9708K, capacity 10683K, committed 10700K, reserved 516096K
}
Event: 202.861 GC heap before
{Heap before GC invocations=71 (full 0):
 garbage-first heap   total 89088K, used 69030K [0x0000000080000000, 0x0000000100000000)
  region size 1024K, 4 young (4096K), 2 survivors (2048K)
 Metaspace       used 75124K, capacity 77505K, committed 77724K, reserved 583680K
  class space    used 9739K, capacity 10715K, committed 10828K, reserved 516096K
}
Event: 202.898 GC heap after
{Heap after GC invocations=72 (full 0):
 garbage-first heap   total 107520K, used 66698K [0x0000000080000000, 0x0000000100000000)
  region size 1024K, 1 young (1024K), 1 survivors (1024K)
 Metaspace       used 75124K, capacity 77505K, committed 77724K, reserved 583680K
  class space    used 9739K, capacity 10715K, committed 10828K, reserved 516096K
}

