# JRE version: OpenJDK Runtime Environment Microsoft-8035250 (11.0.20+8) (build 11.0.20+8-LTS)
# Java VM: OpenJDK 64-Bit Server VM Microsoft-8035250 (11.0.20+8-LTS, mixed mode, tiered, compressed oops, g1 gc, windows-amd64)
Heap:
 garbage-first heap   total 299008K, used 211260K [0x0000000080000000, 0x0000000100000000)
  region size 1024K, 46 young (47104K), 6 survivors (6144K)
 Metaspace       used 110385K, capacity 114364K, committed 114460K, reserved 616448K
  class space    used 14437K, capacity 16025K, committed 16076K, reserved 516096K
GC Heap History (20 events):
Event: 184.875 GC heap before
{Heap before GC invocations=117 (full 0):
 garbage-first heap   total 206848K, used 158186K [0x0000000080000000, 0x0000000100000000)
  region size 1024K, 37 young (37888K), 5 survivors (5120K)
 Metaspace       used 101269K, capacity 104726K, committed 104988K, reserved 608256K
  class space    used 13292K, capacity 14762K, committed 14796K, reserved 516096K
}
Event: 184.973 GC heap after
{Heap after GC invocations=118 (full 0):
 garbage-first heap   total 206848K, used 127138K [0x0000000080000000, 0x0000000100000000)
  region size 1024K, 4 young (4096K), 4 survivors (4096K)
 Metaspace       used 101269K, capacity 104726K, committed 104988K, reserved 608256K
  class space    used 13292K, capacity 14762K, committed 14796K, reserved 516096K
}
Event: 190.333 GC heap before
{Heap before GC invocations=119 (full 0):
 garbage-first heap   total 206848K, used 161954K [0x0000000080000000, 0x0000000100000000)
  region size 1024K, 38 young (38912K), 4 survivors (4096K)
 Metaspace       used 103183K, capacity 106750K, committed 107036K, reserved 608256K
  class space    used 13545K, capacity 14999K, committed 15052K, reserved 516096K
}
Event: 190.405 GC heap after
{Heap after GC invocations=120 (full 0):
 garbage-first heap   total 206848K, used 129052K [0x0000000080000000, 0x0000000100000000)
  region size 1024K, 4 young (4096K), 4 survivors (4096K)
 Metaspace       used 103183K, capacity 106750K, committed 107036K, reserved 608256K
  class space    used 13545K, capacity 14999K, committed 15052K, reserved 516096K
}
Event: 194.659 GC heap before
{Heap before GC invocations=120 (full 0):
 garbage-first heap   total 206848K, used 163868K [0x0000000080000000, 0x0000000100000000)
  region size 1024K, 38 young (38912K), 4 survivors (4096K)
 Metaspace       used 104663K, capacity 108248K, committed 108572K, reserved 610304K
  class space    used 13726K, capacity 15191K, committed 15308K, reserved 516096K
}
Event: 194.712 GC heap after
{Heap after GC invocations=121 (full 0):
 garbage-first heap   total 206848K, used 132378K [0x0000000080000000, 0x0000000100000000)
  region size 1024K, 5 young (5120K), 5 survivors (5120K)
 Metaspace       used 104663K, capacity 108248K, committed 108572K, reserved 610304K
  class space    used 13726K, capacity 15191K, committed 15308K, reserved 516096K
}
Event: 196.680 GC heap before
{Heap before GC invocations=122 (full 0):
 garbage-first heap   total 206848K, used 167194K [0x0000000080000000, 0x0000000100000000)
  region size 1024K, 39 young (39936K), 5 survivors (5120K)
 Metaspace       used 104875K, capacity 108490K, committed 108572K, reserved 610304K
  class space    used 13746K, capacity 15226K, committed 15308K, reserved 516096K
}
Event: 196.772 GC heap after
{Heap after GC invocations=123 (full 0):
 garbage-first heap   total 206848K, used 137012K [0x0000000080000000, 0x0000000100000000)
  region size 1024K, 5 young (5120K), 5 survivors (5120K)
 Metaspace       used 104875K, capacity 108490K, committed 108572K, reserved 610304K
  class space    used 13746K, capacity 15226K, committed 15308K, reserved 516096K
}
Event: 197.736 GC heap before
{Heap before GC invocations=123 (full 0):
 garbage-first heap   total 206848K, used 169780K [0x0000000080000000, 0x0000000100000000)
  region size 1024K, 37 young (37888K), 5 survivors (5120K)
 Metaspace       used 104900K, capacity 108490K, committed 108572K, reserved 610304K
  class space    used 13747K, capacity 15226K, committed 15308K, reserved 516096K
}
Event: 197.803 GC heap after
{Heap after GC invocations=124 (full 0):
 garbage-first heap   total 248832K, used 141558K [0x0000000080000000, 0x0000000100000000)
  region size 1024K, 5 young (5120K), 5 survivors (5120K)
 Metaspace       used 104900K, capacity 108490K, committed 108572K, reserved 610304K
  class space    used 13747K, capacity 15226K, committed 15308K, reserved 516096K
}
Event: 202.615 GC heap before
{Heap before GC invocations=125 (full 0):
 garbage-first heap   total 248832K, used 188662K [0x0000000080000000, 0x0000000100000000)
  region size 1024K, 52 young (53248K), 5 survivors (5120K)
 Metaspace       used 105047K, capacity 108652K, committed 108828K, reserved 610304K
  class space    used 13760K, capacity 15235K, committed 15308K, reserved 516096K
}
Event: 202.678 GC heap after
{Heap after GC invocations=126 (full 0):
 garbage-first heap   total 248832K, used 148545K [0x0000000080000000, 0x0000000100000000)
  region size 1024K, 7 young (7168K), 7 survivors (7168K)
 Metaspace       used 105047K, capacity 108652K, committed 108828K, reserved 610304K
  class space    used 13760K, capacity 15235K, committed 15308K, reserved 516096K
}
Event: 205.885 GC heap before
{Heap before GC invocations=126 (full 0):
 garbage-first heap   total 248832K, used 153665K [0x0000000080000000, 0x0000000100000000)
  region size 1024K, 13 young (13312K), 7 survivors (7168K)
 Metaspace       used 105067K, capacity 108674K, committed 108828K, reserved 610304K
  class space    used 13763K, capacity 15239K, committed 15308K, reserved 516096K
}
Event: 205.936 GC heap after
{Heap after GC invocations=127 (full 0):
 garbage-first heap   total 248832K, used 149080K [0x0000000080000000, 0x0000000100000000)
  region size 1024K, 2 young (2048K), 2 survivors (2048K)
 Metaspace       used 105067K, capacity 108674K, committed 108828K, reserved 610304K
  class space    used 13763K, capacity 15239K, committed 15308K, reserved 516096K
}
Event: 213.228 GC heap before
{Heap before GC invocations=128 (full 0):
 garbage-first heap   total 248832K, used 196184K [0x0000000080000000, 0x0000000100000000)
  region size 1024K, 43 young (44032K), 2 survivors (2048K)
 Metaspace       used 107066K, capacity 110815K, committed 110876K, reserved 612352K
  class space    used 14015K, capacity 15547K, committed 15564K, reserved 516096K
}
Event: 213.308 GC heap after
{Heap after GC invocations=129 (full 0):
 garbage-first heap   total 248832K, used 156562K [0x0000000080000000, 0x0000000100000000)
  region size 1024K, 5 young (5120K), 5 survivors (5120K)
 Metaspace       used 107066K, capacity 110815K, committed 110876K, reserved 612352K
  class space    used 14015K, capacity 15547K, committed 15564K, reserved 516096K
}
Event: 221.819 GC heap before
{Heap before GC invocations=129 (full 0):
 garbage-first heap   total 248832K, used 182162K [0x0000000080000000, 0x0000000100000000)
  region size 1024K, 32 young (32768K), 5 survivors (5120K)
 Metaspace       used 107286K, capacity 111157K, committed 111260K, reserved 612352K
  class space    used 14045K, capacity 15605K, committed 15692K, reserved 516096K
}
Event: 221.997 GC heap after
{Heap after GC invocations=130 (full 0):
 garbage-first heap   total 248832K, used 159759K [0x0000000080000000, 0x0000000100000000)
  region size 1024K, 4 young (4096K), 4 survivors (4096K)
 Metaspace       used 107286K, capacity 111157K, committed 111260K, reserved 612352K
  class space    used 14045K, capacity 15605K, committed 15692K, reserved 516096K
}
Event: 228.155 GC heap before
{Heap before GC invocations=131 (full 0):
 garbage-first heap   total 248832K, used 205839K [0x0000000080000000, 0x0000000100000000)
  region size 1024K, 42 young (43008K), 4 survivors (4096K)
 Metaspace       used 109224K, capacity 113128K, committed 113308K, reserved 614400K
  class space    used 14286K, capacity 15874K, committed 15948K, reserved 516096K
}
Event: 228.218 GC heap after
{Heap after GC invocations=132 (full 0):
 garbage-first heap   total 299008K, used 171324K [0x0000000080000000, 0x0000000100000000)
  region size 1024K, 6 young (6144K), 6 survivors (6144K)
 Metaspace       used 109224K, capacity 113128K, committed 113308K, reserved 614400K
  class space    used 14286K, capacity 15874K, committed 15948K, reserved 516096K
}

