# JRE version: OpenJDK Runtime Environment Microsoft-8035250 (11.0.20+8) (build 11.0.20+8-LTS)
# Java VM: OpenJDK 64-Bit Server VM Microsoft-8035250 (11.0.20+8-LTS, mixed mode, tiered, compressed oops, g1 gc, windows-amd64)
Heap:
 garbage-first heap   total 477184K, used 199960K [0x0000000080000000, 0x0000000100000000)
  region size 1024K, 4 young (4096K), 4 survivors (4096K)
 Metaspace       used 118110K, capacity 122348K, committed 122544K, reserved 622592K
  class space    used 15420K, capacity 17110K, committed 17152K, reserved 516096K
GC Heap History (20 events):
Event: 124.289 GC heap after
{Heap after GC invocations=95 (full 0):
 garbage-first heap   total 193536K, used 174173K [0x0000000080000000, 0x0000000100000000)
  region size 1024K, 2 young (2048K), 2 survivors (2048K)
 Metaspace       used 109120K, capacity 113132K, committed 113456K, reserved 614400K
  class space    used 14312K, capacity 15919K, committed 16000K, reserved 516096K
}
Event: 124.412 GC heap before
{Heap before GC invocations=95 (full 0):
 garbage-first heap   total 193536K, used 180317K [0x0000000080000000, 0x0000000100000000)
  region size 1024K, 9 young (9216K), 2 survivors (2048K)
 Metaspace       used 109624K, capacity 113644K, committed 113712K, reserved 614400K
  class space    used 14376K, capacity 15983K, committed 16000K, reserved 516096K
}
Event: 124.418 GC heap after
{Heap after GC invocations=96 (full 0):
 garbage-first heap   total 193536K, used 174642K [0x0000000080000000, 0x0000000100000000)
  region size 1024K, 1 young (1024K), 1 survivors (1024K)
 Metaspace       used 109624K, capacity 113644K, committed 113712K, reserved 614400K
  class space    used 14376K, capacity 15983K, committed 16000K, reserved 516096K
}
Event: 125.102 GC heap before
{Heap before GC invocations=96 (full 0):
 garbage-first heap   total 193536K, used 182834K [0x0000000080000000, 0x0000000100000000)
  region size 1024K, 9 young (9216K), 1 survivors (1024K)
 Metaspace       used 109967K, capacity 113954K, committed 114096K, reserved 614400K
  class space    used 14426K, capacity 16019K, committed 16128K, reserved 516096K
}
Event: 125.109 GC heap after
{Heap after GC invocations=97 (full 0):
 garbage-first heap   total 193536K, used 175155K [0x0000000080000000, 0x0000000100000000)
  region size 1024K, 1 young (1024K), 1 survivors (1024K)
 Metaspace       used 109967K, capacity 113954K, committed 114096K, reserved 614400K
  class space    used 14426K, capacity 16019K, committed 16128K, reserved 516096K
}
Event: 126.623 GC heap before
{Heap before GC invocations=98 (full 0):
 garbage-first heap   total 193536K, used 183347K [0x0000000080000000, 0x0000000100000000)
  region size 1024K, 9 young (9216K), 1 survivors (1024K)
 Metaspace       used 110060K, capacity 114030K, committed 114352K, reserved 614400K
  class space    used 14432K, capacity 16023K, committed 16128K, reserved 516096K
}
Event: 126.672 GC heap after
{Heap after GC invocations=99 (full 0):
 garbage-first heap   total 193536K, used 177390K [0x0000000080000000, 0x0000000100000000)
  region size 1024K, 2 young (2048K), 2 survivors (2048K)
 Metaspace       used 110060K, capacity 114030K, committed 114352K, reserved 614400K
  class space    used 14432K, capacity 16023K, committed 16128K, reserved 516096K
}
Event: 126.815 GC heap before
{Heap before GC invocations=99 (full 0):
 garbage-first heap   total 193536K, used 184558K [0x0000000080000000, 0x0000000100000000)
  region size 1024K, 9 young (9216K), 2 survivors (2048K)
 Metaspace       used 110080K, capacity 114031K, committed 114352K, reserved 614400K
  class space    used 14432K, capacity 16023K, committed 16128K, reserved 516096K
}
Event: 126.842 GC heap after
{Heap after GC invocations=100 (full 0):
 garbage-first heap   total 193536K, used 177886K [0x0000000080000000, 0x0000000100000000)
  region size 1024K, 2 young (2048K), 2 survivors (2048K)
 Metaspace       used 110080K, capacity 114031K, committed 114352K, reserved 614400K
  class space    used 14432K, capacity 16023K, committed 16128K, reserved 516096K
}
Event: 127.252 GC heap before
{Heap before GC invocations=100 (full 0):
 garbage-first heap   total 193536K, used 185054K [0x0000000080000000, 0x0000000100000000)
  region size 1024K, 9 young (9216K), 2 survivors (2048K)
 Metaspace       used 110306K, capacity 114229K, committed 114352K, reserved 614400K
  class space    used 14464K, capacity 16063K, committed 16128K, reserved 516096K
}
Event: 127.275 GC heap after
{Heap after GC invocations=101 (full 0):
 garbage-first heap   total 193536K, used 179406K [0x0000000080000000, 0x0000000100000000)
  region size 1024K, 2 young (2048K), 2 survivors (2048K)
 Metaspace       used 110306K, capacity 114229K, committed 114352K, reserved 614400K
  class space    used 14464K, capacity 16063K, committed 16128K, reserved 516096K
}
Event: 127.679 GC heap before
{Heap before GC invocations=101 (full 0):
 garbage-first heap   total 193536K, used 186574K [0x0000000080000000, 0x0000000100000000)
  region size 1024K, 9 young (9216K), 2 survivors (2048K)
 Metaspace       used 110991K, capacity 114977K, committed 115248K, reserved 616448K
  class space    used 14568K, capacity 16162K, committed 16256K, reserved 516096K
}
Event: 127.709 GC heap after
{Heap after GC invocations=102 (full 0):
 garbage-first heap   total 311296K, used 180141K [0x0000000080000000, 0x0000000100000000)
  region size 1024K, 1 young (1024K), 1 survivors (1024K)
 Metaspace       used 110991K, capacity 114977K, committed 115248K, reserved 616448K
  class space    used 14568K, capacity 16162K, committed 16256K, reserved 516096K
}
Event: 130.594 GC heap before
{Heap before GC invocations=102 (full 0):
 garbage-first heap   total 311296K, used 219053K [0x0000000080000000, 0x0000000100000000)
  region size 1024K, 39 young (39936K), 1 survivors (1024K)
 Metaspace       used 114371K, capacity 118485K, committed 118704K, reserved 618496K
  class space    used 15017K, capacity 16636K, committed 16640K, reserved 516096K
}
Event: 130.625 GC heap after
{Heap after GC invocations=103 (full 0):
 garbage-first heap   total 311296K, used 184326K [0x0000000080000000, 0x0000000100000000)
  region size 1024K, 5 young (5120K), 5 survivors (5120K)
 Metaspace       used 114371K, capacity 118485K, committed 118704K, reserved 618496K
  class space    used 15017K, capacity 16636K, committed 16640K, reserved 516096K
}
Event: 132.400 GC heap before
{Heap before GC invocations=104 (full 0):
 garbage-first heap   total 311296K, used 225286K [0x0000000080000000, 0x0000000100000000)
  region size 1024K, 45 young (46080K), 5 survivors (5120K)
 Metaspace       used 115079K, capacity 119263K, committed 119344K, reserved 620544K
  class space    used 15078K, capacity 16724K, committed 16768K, reserved 516096K
}
Event: 132.494 GC heap after
{Heap after GC invocations=105 (full 0):
 garbage-first heap   total 311296K, used 191411K [0x0000000080000000, 0x0000000100000000)
  region size 1024K, 6 young (6144K), 6 survivors (6144K)
 Metaspace       used 115079K, capacity 119263K, committed 119344K, reserved 620544K
  class space    used 15078K, capacity 16724K, committed 16768K, reserved 516096K
}
Event: 135.152 GC heap before
{Heap before GC invocations=105 (full 0):
 garbage-first heap   total 311296K, used 233395K [0x0000000080000000, 0x0000000100000000)
  region size 1024K, 47 young (48128K), 6 survivors (6144K)
 Metaspace       used 117191K, capacity 121359K, committed 121648K, reserved 622592K
  class space    used 15308K, capacity 16988K, committed 17024K, reserved 516096K
}
Event: 135.215 GC heap after
{Heap after GC invocations=106 (full 0):
 garbage-first heap   total 311296K, used 195990K [0x0000000080000000, 0x0000000100000000)
  region size 1024K, 4 young (4096K), 4 survivors (4096K)
 Metaspace       used 117191K, capacity 121359K, committed 121648K, reserved 622592K
  class space    used 15308K, capacity 16988K, committed 17024K, reserved 516096K
}
Event: 139.940 GC heap before
{Heap before GC invocations=106 (full 0):
 garbage-first heap   total 311296K, used 237974K [0x0000000080000000, 0x0000000100000000)
  region size 1024K, 46 young (47104K), 4 survivors (4096K)
 Metaspace       used 118110K, capacity 122348K, committed 122544K, reserved 622592K
  class space    used 15420K, capacity 17110K, committed 17152K, reserved 516096K
}

