# JRE version: OpenJDK Runtime Environment Microsoft-8035250 (11.0.20+8) (build 11.0.20+8-LTS)
# Java VM: OpenJDK 64-Bit Server VM Microsoft-8035250 (11.0.20+8-LTS, mixed mode, tiered, compressed oops, g1 gc, windows-amd64)
Heap:
 garbage-first heap   total 344064K, used 268027K [0x0000000080000000, 0x0000000100000000)
  region size 1024K, 38 young (38912K), 7 survivors (7168K)
 Metaspace       used 127102K, capacity 131984K, committed 132048K, reserved 630784K
  class space    used 16501K, capacity 18291K, committed 18304K, reserved 516096K
GC Heap History (20 events):
Event: 200.444 GC heap before
{Heap before GC invocations=121 (full 0):
 garbage-first heap   total 344064K, used 249593K [0x0000000080000000, 0x0000000100000000)
  region size 1024K, 77 young (78848K), 8 survivors (8192K)
 Metaspace       used 115179K, capacity 119327K, committed 119504K, reserved 620544K
  class space    used 15076K, capacity 16724K, committed 16768K, reserved 516096K
}
Event: 200.765 GC heap after
{Heap after GC invocations=122 (full 0):
 garbage-first heap   total 344064K, used 189457K [0x0000000080000000, 0x0000000100000000)
  region size 1024K, 10 young (10240K), 10 survivors (10240K)
 Metaspace       used 115179K, capacity 119327K, committed 119504K, reserved 620544K
  class space    used 15076K, capacity 16724K, committed 16768K, reserved 516096K
}
Event: 207.854 GC heap before
{Heap before GC invocations=122 (full 0):
 garbage-first heap   total 344064K, used 233489K [0x0000000080000000, 0x0000000100000000)
  region size 1024K, 53 young (54272K), 10 survivors (10240K)
 Metaspace       used 117388K, capacity 121488K, committed 121552K, reserved 622592K
  class space    used 15318K, capacity 16988K, committed 17024K, reserved 516096K
}
Event: 207.954 GC heap after
{Heap after GC invocations=123 (full 0):
 garbage-first heap   total 344064K, used 194466K [0x0000000080000000, 0x0000000100000000)
  region size 1024K, 4 young (4096K), 4 survivors (4096K)
 Metaspace       used 117388K, capacity 121488K, committed 121552K, reserved 622592K
  class space    used 15318K, capacity 16988K, committed 17024K, reserved 516096K
}
Event: 220.367 GC heap before
{Heap before GC invocations=123 (full 0):
 garbage-first heap   total 344064K, used 249762K [0x0000000080000000, 0x0000000100000000)
  region size 1024K, 59 young (60416K), 4 survivors (4096K)
 Metaspace       used 118351K, capacity 122548K, committed 122704K, reserved 622592K
  class space    used 15418K, capacity 17110K, committed 17152K, reserved 516096K
}
Event: 220.499 GC heap after
{Heap after GC invocations=124 (full 0):
 garbage-first heap   total 344064K, used 200704K [0x0000000080000000, 0x0000000100000000)
  region size 1024K, 8 young (8192K), 8 survivors (8192K)
 Metaspace       used 118351K, capacity 122548K, committed 122704K, reserved 622592K
  class space    used 15418K, capacity 17110K, committed 17152K, reserved 516096K
}
Event: 228.945 GC heap before
{Heap before GC invocations=124 (full 0):
 garbage-first heap   total 344064K, used 256000K [0x0000000080000000, 0x0000000100000000)
  region size 1024K, 63 young (64512K), 8 survivors (8192K)
 Metaspace       used 118970K, capacity 123218K, committed 123344K, reserved 622592K
  class space    used 15481K, capacity 17209K, committed 17280K, reserved 516096K
}
Event: 229.065 GC heap after
{Heap after GC invocations=125 (full 0):
 garbage-first heap   total 344064K, used 204994K [0x0000000080000000, 0x0000000100000000)
  region size 1024K, 5 young (5120K), 5 survivors (5120K)
 Metaspace       used 118970K, capacity 123218K, committed 123344K, reserved 622592K
  class space    used 15481K, capacity 17209K, committed 17280K, reserved 516096K
}
Event: 231.176 GC heap before
{Heap before GC invocations=125 (full 0):
 garbage-first heap   total 344064K, used 271554K [0x0000000080000000, 0x0000000100000000)
  region size 1024K, 67 young (68608K), 5 survivors (5120K)
 Metaspace       used 119034K, capacity 123306K, committed 123600K, reserved 622592K
  class space    used 15488K, capacity 17214K, committed 17280K, reserved 516096K
}
Event: 231.230 GC heap after
{Heap after GC invocations=126 (full 0):
 garbage-first heap   total 344064K, used 210234K [0x0000000080000000, 0x0000000100000000)
  region size 1024K, 9 young (9216K), 9 survivors (9216K)
 Metaspace       used 119034K, capacity 123306K, committed 123600K, reserved 622592K
  class space    used 15488K, capacity 17214K, committed 17280K, reserved 516096K
}
Event: 233.942 GC heap before
{Heap before GC invocations=126 (full 0):
 garbage-first heap   total 344064K, used 289082K [0x0000000080000000, 0x0000000100000000)
  region size 1024K, 71 young (72704K), 9 survivors (9216K)
 Metaspace       used 119281K, capacity 123480K, committed 123600K, reserved 622592K
  class space    used 15503K, capacity 17235K, committed 17280K, reserved 516096K
}
Event: 234.043 GC heap after
{Heap after GC invocations=127 (full 0):
 garbage-first heap   total 344064K, used 216865K [0x0000000080000000, 0x0000000100000000)
  region size 1024K, 7 young (7168K), 7 survivors (7168K)
 Metaspace       used 119281K, capacity 123480K, committed 123600K, reserved 622592K
  class space    used 15503K, capacity 17235K, committed 17280K, reserved 516096K
}
Event: 246.710 GC heap before
{Heap before GC invocations=127 (full 0):
 garbage-first heap   total 344064K, used 282401K [0x0000000080000000, 0x0000000100000000)
  region size 1024K, 68 young (69632K), 7 survivors (7168K)
 Metaspace       used 119425K, capacity 123647K, committed 123856K, reserved 624640K
  class space    used 15521K, capacity 17254K, committed 17280K, reserved 516096K
}
Event: 246.809 GC heap after
{Heap after GC invocations=128 (full 0):
 garbage-first heap   total 344064K, used 221148K [0x0000000080000000, 0x0000000100000000)
  region size 1024K, 5 young (5120K), 5 survivors (5120K)
 Metaspace       used 119425K, capacity 123647K, committed 123856K, reserved 624640K
  class space    used 15521K, capacity 17254K, committed 17280K, reserved 516096K
}
Event: 259.982 GC heap before
{Heap before GC invocations=128 (full 0):
 garbage-first heap   total 344064K, used 283612K [0x0000000080000000, 0x0000000100000000)
  region size 1024K, 66 young (67584K), 5 survivors (5120K)
 Metaspace       used 122121K, capacity 126484K, committed 126800K, reserved 626688K
  class space    used 15863K, capacity 17578K, committed 17664K, reserved 516096K
}
Event: 260.116 GC heap after
{Heap after GC invocations=129 (full 0):
 garbage-first heap   total 344064K, used 226903K [0x0000000080000000, 0x0000000100000000)
  region size 1024K, 9 young (9216K), 9 survivors (9216K)
 Metaspace       used 122121K, capacity 126484K, committed 126800K, reserved 626688K
  class space    used 15863K, capacity 17578K, committed 17664K, reserved 516096K
}
Event: 268.101 GC heap before
{Heap before GC invocations=129 (full 0):
 garbage-first heap   total 344064K, used 286295K [0x0000000080000000, 0x0000000100000000)
  region size 1024K, 68 young (69632K), 9 survivors (9216K)
 Metaspace       used 124450K, capacity 128915K, committed 129232K, reserved 628736K
  class space    used 16178K, capacity 17947K, committed 18048K, reserved 516096K
}
Event: 268.238 GC heap after
{Heap after GC invocations=130 (full 0):
 garbage-first heap   total 344064K, used 231980K [0x0000000080000000, 0x0000000100000000)
  region size 1024K, 5 young (5120K), 5 survivors (5120K)
 Metaspace       used 124450K, capacity 128915K, committed 129232K, reserved 628736K
  class space    used 16178K, capacity 17947K, committed 18048K, reserved 516096K
}
Event: 290.814 GC heap before
{Heap before GC invocations=130 (full 0):
 garbage-first heap   total 344064K, used 293420K [0x0000000080000000, 0x0000000100000000)
  region size 1024K, 62 young (63488K), 5 survivors (5120K)
 Metaspace       used 126160K, capacity 130915K, committed 131024K, reserved 630784K
  class space    used 16441K, capacity 18267K, committed 18304K, reserved 516096K
}
Event: 290.964 GC heap after
{Heap after GC invocations=131 (full 0):
 garbage-first heap   total 344064K, used 234235K [0x0000000080000000, 0x0000000100000000)
  region size 1024K, 7 young (7168K), 7 survivors (7168K)
 Metaspace       used 126160K, capacity 130915K, committed 131024K, reserved 630784K
  class space    used 16441K, capacity 18267K, committed 18304K, reserved 516096K
}

